
Apache CouchDB has started, time to relax.
Apache CouchDB 1.6.1 (LogLevel=info) is starting.
Apache CouchDB has started. Time to relax.
[info] [<0.32.0>] Apache CouchDB has started on http://127.0.0.1:5984/
[info] [<0.115.0>] 127.0.0.1 - - GET / 200
[info] [<0.115.0>] 127.0.0.1 - - GET /favicon.ico 200
Apache CouchDB is not running.
Apache CouchDB has been shutdown.

Apache CouchDB has started, time to relax.
Apache CouchDB 1.6.1 (LogLevel=info) is starting.
Apache CouchDB has started. Time to relax.
[info] [<0.32.0>] Apache CouchDB has started on http://127.0.0.1:5984/
[info] [<0.118.0>] 127.0.0.1 - - GET / 200
Apache CouchDB is not running.
Apache CouchDB has been shutdown.

Apache CouchDB has started, time to relax.
Apache CouchDB 1.6.1 (LogLevel=info) is starting.
Apache CouchDB has started. Time to relax.
[info] [<0.32.0>] Apache CouchDB has started on http://127.0.0.1:5984/
Apache CouchDB is not running.
Apache CouchDB has been shutdown.

Apache CouchDB has started, time to relax.
Apache CouchDB 1.6.1 (LogLevel=info) is starting.
Apache CouchDB has started. Time to relax.
[info] [<0.32.0>] Apache CouchDB has started on http://127.0.0.1:5984/
Apache CouchDB is not running.
Apache CouchDB has been shutdown.

Apache CouchDB has started, time to relax.
Apache CouchDB 1.6.1 (LogLevel=info) is starting.
Apache CouchDB has started. Time to relax.
[info] [<0.32.0>] Apache CouchDB has started on http://127.0.0.1:5984/
Apache CouchDB is not running.
Apache CouchDB has been shutdown.

Apache CouchDB has started, time to relax.
Apache CouchDB 1.6.1 (LogLevel=info) is starting.
Apache CouchDB has started. Time to relax.
[info] [<0.32.0>] Apache CouchDB has started on http://127.0.0.1:5984/
Apache CouchDB is not running.
Apache CouchDB has been shutdown.

Apache CouchDB has started, time to relax.
Apache CouchDB 1.6.1 (LogLevel=info) is starting.
Apache CouchDB has started. Time to relax.
[info] [<0.32.0>] Apache CouchDB has started on http://127.0.0.1:5984/
Apache CouchDB is not running.
Apache CouchDB has been shutdown.

Apache CouchDB has started, time to relax.
Apache CouchDB 1.6.1 (LogLevel=info) is starting.
Apache CouchDB has started. Time to relax.
[info] [<0.32.0>] Apache CouchDB has started on http://127.0.0.1:5984/
Apache CouchDB is not running.
Apache CouchDB has been shutdown.

Apache CouchDB has started, time to relax.
Apache CouchDB 1.6.1 (LogLevel=info) is starting.
Apache CouchDB has started. Time to relax.
[info] [<0.32.0>] Apache CouchDB has started on http://127.0.0.1:5984/
Apache CouchDB is not running.
Apache CouchDB has been shutdown.

Apache CouchDB has started, time to relax.
Apache CouchDB 1.6.1 (LogLevel=info) is starting.
Apache CouchDB has started. Time to relax.
[info] [<0.32.0>] Apache CouchDB has started on http://127.0.0.1:5984/
Apache CouchDB is not running.
Apache CouchDB has been shutdown.

Apache CouchDB has started, time to relax.
Apache CouchDB 1.6.1 (LogLevel=info) is starting.
Apache CouchDB has started. Time to relax.
[info] [<0.32.0>] Apache CouchDB has started on http://127.0.0.1:5984/
Apache CouchDB is not running.
Apache CouchDB has been shutdown.

Apache CouchDB has started, time to relax.
Apache CouchDB 1.6.1 (LogLevel=info) is starting.
Apache CouchDB has started. Time to relax.
[info] [<0.32.0>] Apache CouchDB has started on http://127.0.0.1:5984/
Apache CouchDB is not running.
Apache CouchDB has been shutdown.

Apache CouchDB has started, time to relax.
Apache CouchDB 1.6.1 (LogLevel=info) is starting.
Apache CouchDB has started. Time to relax.
[info] [<0.32.0>] Apache CouchDB has started on http://127.0.0.1:5984/
Apache CouchDB is not running.
Apache CouchDB has been shutdown.

Apache CouchDB has started, time to relax.
Apache CouchDB 1.6.1 (LogLevel=info) is starting.
Apache CouchDB has started. Time to relax.
[info] [<0.32.0>] Apache CouchDB has started on http://127.0.0.1:5984/
Apache CouchDB is not running.
Apache CouchDB has been shutdown.

Apache CouchDB has started, time to relax.
Apache CouchDB 1.6.1 (LogLevel=info) is starting.
Apache CouchDB has started. Time to relax.
[info] [<0.32.0>] Apache CouchDB has started on http://127.0.0.1:5984/
Apache CouchDB is not running.
Apache CouchDB has been shutdown.

Apache CouchDB has started, time to relax.
Apache CouchDB 1.6.1 (LogLevel=info) is starting.
Apache CouchDB has started. Time to relax.
[info] [<0.32.0>] Apache CouchDB has started on http://127.0.0.1:5984/
Apache CouchDB is not running.
Apache CouchDB has been shutdown.

Apache CouchDB has started, time to relax.
Apache CouchDB 1.6.1 (LogLevel=info) is starting.
Apache CouchDB has started. Time to relax.
[info] [<0.32.0>] Apache CouchDB has started on http://127.0.0.1:6003/
Apache CouchDB is running as process 27008, time to relax.
Apache CouchDB is running as process 27008, time to relax.
Apache CouchDB is running as process 27008, time to relax.
Apache CouchDB is running as process 27008, time to relax.
Apache CouchDB is running as process 27008, time to relax.
Apache CouchDB has been shutdown.

Apache CouchDB has started, time to relax.
Apache CouchDB 1.6.1 (LogLevel=info) is starting.
Apache CouchDB has started. Time to relax.
[info] [<0.32.0>] Apache CouchDB has started on http://127.0.0.1:6003/
Apache CouchDB is not running.
Apache CouchDB has been shutdown.

Apache CouchDB has started, time to relax.
Apache CouchDB 1.6.1 (LogLevel=info) is starting.
Apache CouchDB has started. Time to relax.
[info] [<0.32.0>] Apache CouchDB has started on http://127.0.0.1:6003/
[info] [<0.103.0>] 127.0.0.1 - - GET /_utils 301
[info] [<0.103.0>] 127.0.0.1 - - GET /_utils/ 200
[info] [<0.103.0>] 127.0.0.1 - - GET /_utils/style/layout.css?0.11.0 200
[info] [<0.105.0>] 127.0.0.1 - - GET /_utils/script/json2.js 200
[info] [<0.104.0>] 127.0.0.1 - - GET /_utils/script/sha1.js 200
[info] [<0.106.0>] 127.0.0.1 - - GET /_utils/script/jquery.js 200
[info] [<0.107.0>] 127.0.0.1 - - GET /_utils/script/jquery.couch.js 200
[info] [<0.108.0>] 127.0.0.1 - - GET /_utils/script/jquery.dialog.js 200
[info] [<0.103.0>] 127.0.0.1 - - GET /_utils/script/futon.js 200
[info] [<0.105.0>] 127.0.0.1 - - GET /_utils/script/futon.browse.js 200
[info] [<0.104.0>] 127.0.0.1 - - GET /_utils/script/futon.format.js 200
[info] [<0.105.0>] 127.0.0.1 - - GET /_utils/image/add.png 200
[info] [<0.104.0>] 127.0.0.1 - - GET /_utils/image/bg.png 200
[info] [<0.103.0>] 127.0.0.1 - - GET /_utils/image/thead.gif 200
[info] [<0.106.0>] 127.0.0.1 - - GET /_utils/_sidebar.html 200
[info] [<0.106.0>] 127.0.0.1 - - GET /_all_dbs 200
[info] [<0.107.0>] 127.0.0.1 - - GET /_utils/image/spinner_33.gif 200
[info] [<0.106.0>] 127.0.0.1 - - GET /_utils/image/sidebar-toggle.png 200
[info] [<0.103.0>] 127.0.0.1 - - GET /_session 200
[info] [<0.104.0>] 127.0.0.1 - - GET / 200
[info] [<0.105.0>] 127.0.0.1 - - GET /_utils/image/logo.png 200
[info] [<0.107.0>] 127.0.0.1 - - GET /_users/ 200
[info] [<0.104.0>] 127.0.0.1 - - GET /_replicator/ 200
[info] [<0.104.0>] 127.0.0.1 - - GET /favicon.ico 200
Apache CouchDB is not running.
Apache CouchDB has been shutdown.

Apache CouchDB has started, time to relax.
Apache CouchDB 1.6.1 (LogLevel=info) is starting.
Apache CouchDB has started. Time to relax.
[info] [<0.32.0>] Apache CouchDB has started on http://127.0.0.1:6003/
Apache CouchDB is not running.

Apache CouchDB has started, time to relax.
Apache CouchDB has been shutdown.
Apache CouchDB 1.6.1 (LogLevel=info) is starting.
Apache CouchDB has started. Time to relax.
[info] [<0.32.0>] Apache CouchDB has started on http://127.0.0.1:6003/
[info] [<0.111.0>] 127.0.0.1 - - GET /_utils/ 200
[info] [<0.111.0>] 127.0.0.1 - - GET /_utils/style/layout.css?0.11.0 200
[info] [<0.110.0>] 127.0.0.1 - - GET /_utils/script/json2.js 200
[info] [<0.109.0>] 127.0.0.1 - - GET /_utils/script/sha1.js 200
[info] [<0.106.0>] 127.0.0.1 - - GET /_utils/script/jquery.couch.js 200
[info] [<0.108.0>] 127.0.0.1 - - GET /_utils/script/jquery.js 200
[info] [<0.103.0>] 127.0.0.1 - - GET /_utils/script/jquery.dialog.js 200
[info] [<0.111.0>] 127.0.0.1 - - GET /_utils/script/futon.js 200
[info] [<0.110.0>] 127.0.0.1 - - GET /_utils/script/futon.browse.js 200
[info] [<0.109.0>] 127.0.0.1 - - GET /_utils/script/futon.format.js 200
[info] [<0.109.0>] 127.0.0.1 - - GET /_utils/image/bg.png 200
[info] [<0.110.0>] 127.0.0.1 - - GET /_utils/image/add.png 200
[info] [<0.111.0>] 127.0.0.1 - - GET /_utils/image/thead.gif 200
[info] [<0.111.0>] 127.0.0.1 - - GET /_utils/_sidebar.html 200
[info] [<0.111.0>] 127.0.0.1 - - GET /_all_dbs 200
[info] [<0.110.0>] 127.0.0.1 - - GET /_utils/image/spinner_33.gif 200
[info] [<0.111.0>] 127.0.0.1 - - GET /_utils/image/sidebar-toggle.png 200
[info] [<0.111.0>] 127.0.0.1 - - GET /_session 200
[info] [<0.110.0>] 127.0.0.1 - - GET / 200
[info] [<0.109.0>] 127.0.0.1 - - GET /_utils/image/logo.png 200
[info] [<0.110.0>] 127.0.0.1 - - GET /_users/ 200
[info] [<0.109.0>] 127.0.0.1 - - GET /_replicator/ 200
Apache CouchDB is not running.
Apache CouchDB has been shutdown.

Apache CouchDB has started, time to relax.
Apache CouchDB 1.6.1 (LogLevel=info) is starting.
Apache CouchDB has started. Time to relax.
[info] [<0.32.0>] Apache CouchDB has started on http://127.0.0.1:6003/
Apache CouchDB is not running.

Apache CouchDB has been shutdown.
Apache CouchDB has started, time to relax.
Apache CouchDB 1.6.1 (LogLevel=info) is starting.
Apache CouchDB has started. Time to relax.
[info] [<0.32.0>] Apache CouchDB has started on http://127.0.0.1:6003/
Apache CouchDB is not running.

Apache CouchDB has started, time to relax.
Apache CouchDB has been shutdown.
Apache CouchDB 1.6.1 (LogLevel=info) is starting.
Apache CouchDB has started. Time to relax.
[info] [<0.32.0>] Apache CouchDB has started on http://127.0.0.1:6003/
Apache CouchDB is not running.
Apache CouchDB has been shutdown.

Apache CouchDB has started, time to relax.
Apache CouchDB 1.6.1 (LogLevel=info) is starting.
Apache CouchDB has started. Time to relax.
[info] [<0.32.0>] Apache CouchDB has started on http://127.0.0.1:6003/
Apache CouchDB is not running.
Apache CouchDB has been shutdown.

Apache CouchDB has started, time to relax.
Apache CouchDB 1.6.1 (LogLevel=info) is starting.
Apache CouchDB has started. Time to relax.
[info] [<0.32.0>] Apache CouchDB has started on http://127.0.0.1:6003/
Apache CouchDB is not running.
Apache CouchDB has been shutdown.

Apache CouchDB has started, time to relax.
Apache CouchDB 1.6.1 (LogLevel=info) is starting.
Apache CouchDB has started. Time to relax.
[info] [<0.32.0>] Apache CouchDB has started on http://127.0.0.1:6003/
Apache CouchDB is not running.
Apache CouchDB has been shutdown.

Apache CouchDB has started, time to relax.
Apache CouchDB 1.6.1 (LogLevel=info) is starting.
Apache CouchDB has started. Time to relax.
[info] [<0.32.0>] Apache CouchDB has started on http://127.0.0.1:6003/
Apache CouchDB is not running.
Apache CouchDB has been shutdown.

Apache CouchDB has started, time to relax.
Apache CouchDB 1.6.1 (LogLevel=info) is starting.
Apache CouchDB has started. Time to relax.
[info] [<0.32.0>] Apache CouchDB has started on http://127.0.0.1:6003/
Apache CouchDB is not running.
Apache CouchDB has been shutdown.

Apache CouchDB has started, time to relax.
Apache CouchDB 1.6.1 (LogLevel=info) is starting.
Apache CouchDB has started. Time to relax.
[info] [<0.32.0>] Apache CouchDB has started on http://127.0.0.1:6003/

Apache CouchDB has started, time to relax.
Apache CouchDB 1.6.1 (LogLevel=info) is starting.
Apache CouchDB has started. Time to relax.
[info] [<0.32.0>] Apache CouchDB has started on http://127.0.0.1:6003/

Apache CouchDB has started, time to relax.
Apache CouchDB 1.6.1 (LogLevel=info) is starting.
Apache CouchDB has started. Time to relax.
[info] [<0.32.0>] Apache CouchDB has started on http://127.0.0.1:6003/
Apache CouchDB is running as process 3134, time to relax.
Apache CouchDB is not running.
Apache CouchDB has been shutdown.

Apache CouchDB has started, time to relax.
Apache CouchDB 1.6.1 (LogLevel=info) is starting.
Apache CouchDB has started. Time to relax.
[info] [<0.32.0>] Apache CouchDB has started on http://127.0.0.1:6003/
Apache CouchDB is not running.
Apache CouchDB has been shutdown.

Apache CouchDB has started, time to relax.
Apache CouchDB is not running.
Apache CouchDB 1.6.1 (LogLevel=info) is starting.
Apache CouchDB has started. Time to relax.
[info] [<0.32.0>] Apache CouchDB has started on http://127.0.0.1:6003/
Apache CouchDB is running as process 5165, time to relax.
Apache CouchDB has been shutdown.

Apache CouchDB has started, time to relax.
Apache CouchDB is not running.
Apache CouchDB 1.6.1 (LogLevel=info) is starting.
Apache CouchDB has started. Time to relax.
[info] [<0.32.0>] Apache CouchDB has started on http://127.0.0.1:6003/
Apache CouchDB is running as process 5623, time to relax.
Apache CouchDB has been shutdown.

Apache CouchDB has started, time to relax.
Apache CouchDB is not running.
Apache CouchDB 1.6.1 (LogLevel=info) is starting.
Apache CouchDB has started. Time to relax.
[info] [<0.32.0>] Apache CouchDB has started on http://127.0.0.1:6003/
Apache CouchDB is running as process 6136, time to relax.
Apache CouchDB has been shutdown.

Apache CouchDB has started, time to relax.
Apache CouchDB is not running.
Apache CouchDB 1.6.1 (LogLevel=info) is starting.
Apache CouchDB has started. Time to relax.
[info] [<0.32.0>] Apache CouchDB has started on http://127.0.0.1:6003/
Apache CouchDB is running as process 6477, time to relax.
Apache CouchDB has been shutdown.

Apache CouchDB has started, time to relax.
Apache CouchDB is not running.
Apache CouchDB 1.6.1 (LogLevel=info) is starting.
Apache CouchDB has started. Time to relax.
[info] [<0.32.0>] Apache CouchDB has started on http://127.0.0.1:6003/
Apache CouchDB is running as process 12443, time to relax.
Apache CouchDB is not running.
Apache CouchDB has been shutdown.

Apache CouchDB has started, time to relax.
Apache CouchDB is not running.
Apache CouchDB 1.6.1 (LogLevel=info) is starting.
Apache CouchDB has started. Time to relax.
[info] [<0.32.0>] Apache CouchDB has started on http://127.0.0.1:6003/
Apache CouchDB is running as process 12705, time to relax.
Apache CouchDB has been shutdown.

Apache CouchDB has started, time to relax.
Apache CouchDB is not running.
Apache CouchDB 1.6.1 (LogLevel=info) is starting.
Apache CouchDB has started. Time to relax.
[info] [<0.32.0>] Apache CouchDB has started on http://127.0.0.1:6003/
Apache CouchDB is running as process 13444, time to relax.
Apache CouchDB has been shutdown.

Apache CouchDB has started, time to relax.
Apache CouchDB 1.6.1 (LogLevel=info) is starting.
Apache CouchDB has started. Time to relax.
[info] [<0.32.0>] Apache CouchDB has started on http://127.0.0.1:6003/
Apache CouchDB is not running.
Apache CouchDB has been shutdown.

Apache CouchDB has started, time to relax.
Apache CouchDB 1.6.1 (LogLevel=info) is starting.
Apache CouchDB has started. Time to relax.
[info] [<0.32.0>] Apache CouchDB has started on http://127.0.0.1:6003/
Apache CouchDB is not running.
Apache CouchDB has been shutdown.

Apache CouchDB has started, time to relax.
Apache CouchDB is not running.
Apache CouchDB 1.6.1 (LogLevel=info) is starting.
Apache CouchDB has started. Time to relax.
[info] [<0.32.0>] Apache CouchDB has started on http://127.0.0.1:6003/
Apache CouchDB is running as process 14978, time to relax.
Apache CouchDB is not running.
Apache CouchDB has been shutdown.

Apache CouchDB has started, time to relax.
Apache CouchDB 1.6.1 (LogLevel=info) is starting.
Apache CouchDB has started. Time to relax.
[info] [<0.32.0>] Apache CouchDB has started on http://127.0.0.1:6003/
Apache CouchDB is not running.
Apache CouchDB has been shutdown.

Apache CouchDB has started, time to relax.
Apache CouchDB is not running.
Apache CouchDB 1.6.1 (LogLevel=info) is starting.
Apache CouchDB has started. Time to relax.
[info] [<0.32.0>] Apache CouchDB has started on http://127.0.0.1:6003/
Apache CouchDB is running as process 15802, time to relax.
Apache CouchDB is not running.
Apache CouchDB has been shutdown.

Apache CouchDB has started, time to relax.
Apache CouchDB 1.6.1 (LogLevel=info) is starting.
Apache CouchDB has started. Time to relax.
[info] [<0.32.0>] Apache CouchDB has started on http://127.0.0.1:6003/
Apache CouchDB is not running.
Apache CouchDB has been shutdown.

Apache CouchDB has started, time to relax.
Apache CouchDB 1.6.1 (LogLevel=info) is starting.
Apache CouchDB has started. Time to relax.
[info] [<0.32.0>] Apache CouchDB has started on http://127.0.0.1:6003/
Apache CouchDB is not running.
Apache CouchDB has been shutdown.

Apache CouchDB has started, time to relax.
Apache CouchDB 1.6.1 (LogLevel=info) is starting.
Apache CouchDB has started. Time to relax.
[info] [<0.32.0>] Apache CouchDB has started on http://127.0.0.1:6003/
Apache CouchDB is not running.
Apache CouchDB has been shutdown.

Apache CouchDB has started, time to relax.
Apache CouchDB is not running.
Apache CouchDB 1.6.1 (LogLevel=info) is starting.
Apache CouchDB has started. Time to relax.
[info] [<0.32.0>] Apache CouchDB has started on http://127.0.0.1:6003/
Apache CouchDB is running as process 16779, time to relax.
Apache CouchDB has been shutdown.

Apache CouchDB has started, time to relax.
Apache CouchDB is not running.
Apache CouchDB 1.6.1 (LogLevel=info) is starting.
Apache CouchDB has started. Time to relax.
[info] [<0.32.0>] Apache CouchDB has started on http://127.0.0.1:6003/
Apache CouchDB is running as process 17080, time to relax.
Apache CouchDB has been shutdown.

Apache CouchDB has started, time to relax.
Apache CouchDB is not running.
Apache CouchDB 1.6.1 (LogLevel=info) is starting.
Apache CouchDB has started. Time to relax.
[info] [<0.32.0>] Apache CouchDB has started on http://127.0.0.1:6003/
Apache CouchDB is running as process 17655, time to relax.
Apache CouchDB has been shutdown.

Apache CouchDB has started, time to relax.
Apache CouchDB is not running.
Apache CouchDB 1.6.1 (LogLevel=info) is starting.
Apache CouchDB has started. Time to relax.
[info] [<0.32.0>] Apache CouchDB has started on http://127.0.0.1:6003/
Apache CouchDB is running as process 17988, time to relax.
Apache CouchDB has been shutdown.

Apache CouchDB has started, time to relax.
Apache CouchDB is not running.
Apache CouchDB 1.6.1 (LogLevel=info) is starting.
Apache CouchDB has started. Time to relax.
[info] [<0.32.0>] Apache CouchDB has started on http://127.0.0.1:6003/
Apache CouchDB is running as process 18554, time to relax.
Apache CouchDB has been shutdown.

Apache CouchDB has started, time to relax.
Apache CouchDB is not running.
Apache CouchDB 1.6.1 (LogLevel=info) is starting.
Apache CouchDB has started. Time to relax.
[info] [<0.32.0>] Apache CouchDB has started on http://127.0.0.1:6003/
Apache CouchDB is running as process 19581, time to relax.
Apache CouchDB has been shutdown.

Apache CouchDB has started, time to relax.
Apache CouchDB is not running.
Apache CouchDB 1.6.1 (LogLevel=info) is starting.
Apache CouchDB has started. Time to relax.
[info] [<0.32.0>] Apache CouchDB has started on http://127.0.0.1:6003/
Apache CouchDB is running as process 28136, time to relax.
Apache CouchDB has been shutdown.

Apache CouchDB has started, time to relax.
Apache CouchDB is not running.
Apache CouchDB 1.6.1 (LogLevel=info) is starting.
Apache CouchDB has started. Time to relax.
[info] [<0.32.0>] Apache CouchDB has started on http://127.0.0.1:6003/
Apache CouchDB is running as process 28386, time to relax.
Apache CouchDB has been shutdown.

Apache CouchDB has started, time to relax.
Apache CouchDB is not running.
Apache CouchDB 1.6.1 (LogLevel=info) is starting.
Apache CouchDB has started. Time to relax.
[info] [<0.32.0>] Apache CouchDB has started on http://127.0.0.1:6003/
Apache CouchDB is running as process 28600, time to relax.
Apache CouchDB has been shutdown.

Apache CouchDB has started, time to relax.
Apache CouchDB is not running.
Apache CouchDB 1.6.1 (LogLevel=info) is starting.
Apache CouchDB has started. Time to relax.
[info] [<0.32.0>] Apache CouchDB has started on http://127.0.0.1:6003/
Apache CouchDB is running as process 28845, time to relax.
Apache CouchDB has been shutdown.

Apache CouchDB has started, time to relax.
Apache CouchDB is not running.
Apache CouchDB 1.6.1 (LogLevel=info) is starting.
Apache CouchDB has started. Time to relax.
[info] [<0.32.0>] Apache CouchDB has started on http://127.0.0.1:6003/
Apache CouchDB is running as process 29132, time to relax.
Apache CouchDB has been shutdown.

Apache CouchDB has started, time to relax.
Apache CouchDB is not running.
Apache CouchDB 1.6.1 (LogLevel=info) is starting.
Apache CouchDB has started. Time to relax.
[info] [<0.32.0>] Apache CouchDB has started on http://127.0.0.1:6003/
Apache CouchDB is running as process 29353, time to relax.
Apache CouchDB has been shutdown.

Apache CouchDB has started, time to relax.
Apache CouchDB is not running.
Apache CouchDB 1.6.1 (LogLevel=info) is starting.
Apache CouchDB has started. Time to relax.
[info] [<0.32.0>] Apache CouchDB has started on http://127.0.0.1:6003/
Apache CouchDB is running as process 29695, time to relax.
Apache CouchDB has been shutdown.

Apache CouchDB has started, time to relax.
Apache CouchDB is not running.
Apache CouchDB 1.6.1 (LogLevel=info) is starting.
Apache CouchDB has started. Time to relax.
[info] [<0.32.0>] Apache CouchDB has started on http://127.0.0.1:6003/
Apache CouchDB is running as process 31954, time to relax.
Apache CouchDB has been shutdown.

Apache CouchDB has started, time to relax.
Apache CouchDB is not running.
Apache CouchDB 1.6.1 (LogLevel=info) is starting.
Apache CouchDB has started. Time to relax.
[info] [<0.32.0>] Apache CouchDB has started on http://127.0.0.1:6003/
Apache CouchDB is running as process 1605, time to relax.
Apache CouchDB has been shutdown.

Apache CouchDB has started, time to relax.
Apache CouchDB is not running.
Apache CouchDB 1.6.1 (LogLevel=info) is starting.
Apache CouchDB has started. Time to relax.
[info] [<0.32.0>] Apache CouchDB has started on http://127.0.0.1:6003/
Apache CouchDB is running as process 1962, time to relax.
Apache CouchDB has been shutdown.

Apache CouchDB has started, time to relax.
Apache CouchDB is not running.
Apache CouchDB 1.6.1 (LogLevel=info) is starting.
Apache CouchDB has started. Time to relax.
[info] [<0.32.0>] Apache CouchDB has started on http://127.0.0.1:6003/
Apache CouchDB is running as process 3142, time to relax.
Apache CouchDB has been shutdown.

Apache CouchDB has started, time to relax.
Apache CouchDB is not running.
Apache CouchDB 1.6.1 (LogLevel=info) is starting.
Apache CouchDB has started. Time to relax.
[info] [<0.32.0>] Apache CouchDB has started on http://127.0.0.1:6003/
Apache CouchDB is running as process 3610, time to relax.
Apache CouchDB has been shutdown.

Apache CouchDB has started, time to relax.
Apache CouchDB is not running.
Apache CouchDB 1.6.1 (LogLevel=info) is starting.
Apache CouchDB has started. Time to relax.
[info] [<0.32.0>] Apache CouchDB has started on http://127.0.0.1:6003/
Apache CouchDB is running as process 4258, time to relax.
Apache CouchDB has been shutdown.

Apache CouchDB has started, time to relax.
Apache CouchDB is not running.
Apache CouchDB 1.6.1 (LogLevel=info) is starting.
Apache CouchDB has started. Time to relax.
[info] [<0.32.0>] Apache CouchDB has started on http://127.0.0.1:6003/
Apache CouchDB is running as process 4547, time to relax.
Apache CouchDB has been shutdown.

Apache CouchDB has started, time to relax.
Apache CouchDB is not running.
Apache CouchDB 1.6.1 (LogLevel=info) is starting.
Apache CouchDB has started. Time to relax.
[info] [<0.32.0>] Apache CouchDB has started on http://127.0.0.1:6003/
Apache CouchDB is running as process 4780, time to relax.
Apache CouchDB has been shutdown.

Apache CouchDB has started, time to relax.
Apache CouchDB is not running.
Apache CouchDB 1.6.1 (LogLevel=info) is starting.
Apache CouchDB has started. Time to relax.
[info] [<0.32.0>] Apache CouchDB has started on http://127.0.0.1:6003/
Apache CouchDB is running as process 5264, time to relax.
Apache CouchDB has been shutdown.

Apache CouchDB has started, time to relax.
Apache CouchDB is not running.
Apache CouchDB 1.6.1 (LogLevel=info) is starting.
Apache CouchDB has started. Time to relax.
[info] [<0.32.0>] Apache CouchDB has started on http://127.0.0.1:6003/
Apache CouchDB is running as process 5928, time to relax.
Apache CouchDB has been shutdown.

Apache CouchDB has started, time to relax.
Apache CouchDB is not running.
Apache CouchDB 1.6.1 (LogLevel=info) is starting.
Apache CouchDB has started. Time to relax.
[info] [<0.32.0>] Apache CouchDB has started on http://127.0.0.1:6003/
Apache CouchDB is running as process 13824, time to relax.
Apache CouchDB is not running.
Apache CouchDB has been shutdown.

Apache CouchDB has started, time to relax.
Apache CouchDB is not running.
Apache CouchDB 1.6.1 (LogLevel=info) is starting.
Apache CouchDB has started. Time to relax.
[info] [<0.32.0>] Apache CouchDB has started on http://127.0.0.1:6003/
Apache CouchDB is running as process 17782, time to relax.
Apache CouchDB has been shutdown.

Apache CouchDB has started, time to relax.
Apache CouchDB is not running.
Apache CouchDB 1.6.1 (LogLevel=info) is starting.
Apache CouchDB has started. Time to relax.
[info] [<0.32.0>] Apache CouchDB has started on http://127.0.0.1:6003/
Apache CouchDB is running as process 18867, time to relax.
Apache CouchDB has been shutdown.

Apache CouchDB has started, time to relax.
Apache CouchDB 1.6.1 (LogLevel=info) is starting.
Apache CouchDB has started. Time to relax.
[info] [<0.32.0>] Apache CouchDB has started on http://127.0.0.1:6003/
Apache CouchDB is not running.
Apache CouchDB has been shutdown.

Apache CouchDB has started, time to relax.
Apache CouchDB 1.6.1 (LogLevel=info) is starting.
Apache CouchDB has started. Time to relax.
[info] [<0.32.0>] Apache CouchDB has started on http://127.0.0.1:6003/
Apache CouchDB is not running.
Apache CouchDB has been shutdown.

Apache CouchDB has started, time to relax.
Apache CouchDB is not running.
Apache CouchDB 1.6.1 (LogLevel=info) is starting.
Apache CouchDB has started. Time to relax.
[info] [<0.32.0>] Apache CouchDB has started on http://127.0.0.1:6003/
Apache CouchDB is running as process 19444, time to relax.
Apache CouchDB has been shutdown.

Apache CouchDB has started, time to relax.
Apache CouchDB is not running.
Apache CouchDB 1.6.1 (LogLevel=info) is starting.
Apache CouchDB has started. Time to relax.
[info] [<0.32.0>] Apache CouchDB has started on http://127.0.0.1:6003/
Apache CouchDB is running as process 19929, time to relax.
Apache CouchDB has been shutdown.

Apache CouchDB has started, time to relax.
Apache CouchDB is not running.
Apache CouchDB 1.6.1 (LogLevel=info) is starting.
Apache CouchDB has started. Time to relax.
[info] [<0.32.0>] Apache CouchDB has started on http://127.0.0.1:6003/
Apache CouchDB is running as process 21979, time to relax.
Apache CouchDB is not running.
Apache CouchDB has been shutdown.

Apache CouchDB has started, time to relax.
Apache CouchDB 1.6.1 (LogLevel=info) is starting.
Apache CouchDB has started. Time to relax.
[info] [<0.32.0>] Apache CouchDB has started on http://127.0.0.1:6003/
Apache CouchDB is not running.
Apache CouchDB has been shutdown.

Apache CouchDB has started, time to relax.
Apache CouchDB 1.6.1 (LogLevel=info) is starting.
Apache CouchDB has started. Time to relax.
[info] [<0.32.0>] Apache CouchDB has started on http://127.0.0.1:6003/
Apache CouchDB is not running.
Apache CouchDB has been shutdown.

Apache CouchDB has started, time to relax.
Apache CouchDB 1.6.1 (LogLevel=info) is starting.
Apache CouchDB has started. Time to relax.
[info] [<0.32.0>] Apache CouchDB has started on http://127.0.0.1:6003/
Apache CouchDB is not running.
Apache CouchDB has been shutdown.

Apache CouchDB has started, time to relax.
Apache CouchDB 1.6.1 (LogLevel=info) is starting.
Apache CouchDB has started. Time to relax.
[info] [<0.32.0>] Apache CouchDB has started on http://127.0.0.1:6003/
Apache CouchDB is not running.
Apache CouchDB has been shutdown.

Apache CouchDB has started, time to relax.
Apache CouchDB 1.6.1 (LogLevel=info) is starting.
Apache CouchDB has started. Time to relax.
[info] [<0.32.0>] Apache CouchDB has started on http://127.0.0.1:6003/
Apache CouchDB is not running.
Apache CouchDB has been shutdown.

Apache CouchDB has started, time to relax.
Apache CouchDB 1.6.1 (LogLevel=info) is starting.
Apache CouchDB has started. Time to relax.
[info] [<0.32.0>] Apache CouchDB has started on http://127.0.0.1:6003/
Apache CouchDB is not running.
Apache CouchDB has been shutdown.

Apache CouchDB has started, time to relax.
Apache CouchDB 1.6.1 (LogLevel=info) is starting.
Apache CouchDB has started. Time to relax.
[info] [<0.32.0>] Apache CouchDB has started on http://127.0.0.1:6003/
Apache CouchDB is not running.
Apache CouchDB has been shutdown.

Apache CouchDB has started, time to relax.
Apache CouchDB 1.6.1 (LogLevel=info) is starting.
Apache CouchDB has started. Time to relax.
[info] [<0.32.0>] Apache CouchDB has started on http://127.0.0.1:6003/
Apache CouchDB is not running.
Apache CouchDB has been shutdown.

Apache CouchDB has started, time to relax.
Apache CouchDB 1.6.1 (LogLevel=info) is starting.
Apache CouchDB has started. Time to relax.
[info] [<0.32.0>] Apache CouchDB has started on http://127.0.0.1:6003/
Apache CouchDB is not running.
Apache CouchDB has been shutdown.

Apache CouchDB has started, time to relax.
Apache CouchDB 1.6.1 (LogLevel=info) is starting.
Apache CouchDB has started. Time to relax.
[info] [<0.32.0>] Apache CouchDB has started on http://127.0.0.1:6003/
Apache CouchDB is not running.
Apache CouchDB has been shutdown.

Apache CouchDB has started, time to relax.
Apache CouchDB 1.6.1 (LogLevel=info) is starting.
Apache CouchDB has started. Time to relax.
[info] [<0.32.0>] Apache CouchDB has started on http://127.0.0.1:6003/
Apache CouchDB is not running.
Apache CouchDB has been shutdown.

Apache CouchDB has started, time to relax.
Apache CouchDB 1.6.1 (LogLevel=info) is starting.
Apache CouchDB has started. Time to relax.
[info] [<0.32.0>] Apache CouchDB has started on http://127.0.0.1:6003/
Apache CouchDB is not running.
Apache CouchDB has been shutdown.

Apache CouchDB has started, time to relax.
Apache CouchDB 1.6.1 (LogLevel=info) is starting.
Apache CouchDB has started. Time to relax.
[info] [<0.32.0>] Apache CouchDB has started on http://127.0.0.1:6003/
Apache CouchDB is not running.
Apache CouchDB has been shutdown.

Apache CouchDB has started, time to relax.
Apache CouchDB 1.6.1 (LogLevel=info) is starting.
Apache CouchDB has started. Time to relax.
[info] [<0.32.0>] Apache CouchDB has started on http://127.0.0.1:6003/
Apache CouchDB is not running.
Apache CouchDB has been shutdown.

Apache CouchDB has started, time to relax.
Apache CouchDB 1.6.1 (LogLevel=info) is starting.
Apache CouchDB has started. Time to relax.
[info] [<0.32.0>] Apache CouchDB has started on http://127.0.0.1:6003/

Apache CouchDB has started, time to relax.
Apache CouchDB 1.6.1 (LogLevel=info) is starting.
Apache CouchDB has started. Time to relax.
[info] [<0.32.0>] Apache CouchDB has started on http://127.0.0.1:6003/
Apache CouchDB is not running.
Apache CouchDB has been shutdown.

Apache CouchDB has started, time to relax.
Apache CouchDB 1.6.1 (LogLevel=info) is starting.
Apache CouchDB has started. Time to relax.
[info] [<0.32.0>] Apache CouchDB has started on http://127.0.0.1:6003/
Apache CouchDB is not running.
Apache CouchDB has been shutdown.

Apache CouchDB has started, time to relax.
Apache CouchDB 1.6.1 (LogLevel=info) is starting.
Apache CouchDB has started. Time to relax.
[info] [<0.32.0>] Apache CouchDB has started on http://127.0.0.1:6003/

Apache CouchDB has started, time to relax.
Apache CouchDB 1.6.1 (LogLevel=info) is starting.
Apache CouchDB has started. Time to relax.
[info] [<0.32.0>] Apache CouchDB has started on http://127.0.0.1:6003/
Apache CouchDB is not running.
Apache CouchDB has been shutdown.

Apache CouchDB has started, time to relax.
Apache CouchDB 1.6.1 (LogLevel=info) is starting.
Apache CouchDB has started. Time to relax.
[info] [<0.32.0>] Apache CouchDB has started on http://127.0.0.1:6003/
Apache CouchDB is not running.
Apache CouchDB has been shutdown.

Apache CouchDB has started, time to relax.
Apache CouchDB 1.6.1 (LogLevel=info) is starting.
Apache CouchDB has started. Time to relax.
[info] [<0.32.0>] Apache CouchDB has started on http://127.0.0.1:6003/
Apache CouchDB is not running.
Apache CouchDB has been shutdown.

Apache CouchDB has started, time to relax.
Apache CouchDB is not running.
Apache CouchDB 1.6.1 (LogLevel=info) is starting.
Apache CouchDB has started. Time to relax.
[info] [<0.32.0>] Apache CouchDB has started on http://127.0.0.1:6003/
Apache CouchDB is running as process 4619, time to relax.
Apache CouchDB has been shutdown.

Apache CouchDB has started, time to relax.
Apache CouchDB is not running.
Apache CouchDB 1.6.1 (LogLevel=info) is starting.
Apache CouchDB has started. Time to relax.
[info] [<0.32.0>] Apache CouchDB has started on http://127.0.0.1:6003/
Apache CouchDB is running as process 4972, time to relax.
Apache CouchDB is not running.
Apache CouchDB has been shutdown.

Apache CouchDB has started, time to relax.
Apache CouchDB 1.6.1 (LogLevel=info) is starting.
Apache CouchDB has started. Time to relax.
[info] [<0.32.0>] Apache CouchDB has started on http://127.0.0.1:6003/
Apache CouchDB is not running.
Apache CouchDB has been shutdown.

Apache CouchDB has started, time to relax.
Apache CouchDB 1.6.1 (LogLevel=info) is starting.
Apache CouchDB has started. Time to relax.
[info] [<0.32.0>] Apache CouchDB has started on http://127.0.0.1:6003/
Apache CouchDB is not running.
Apache CouchDB has been shutdown.

Apache CouchDB has started, time to relax.
Apache CouchDB 1.6.1 (LogLevel=info) is starting.
Apache CouchDB has started. Time to relax.
[info] [<0.32.0>] Apache CouchDB has started on http://127.0.0.1:6003/
Apache CouchDB is not running.
Apache CouchDB has been shutdown.

Apache CouchDB has started, time to relax.
Apache CouchDB 1.6.1 (LogLevel=info) is starting.
Apache CouchDB has started. Time to relax.
[info] [<0.32.0>] Apache CouchDB has started on http://127.0.0.1:6003/
Apache CouchDB is not running.
Apache CouchDB has been shutdown.

Apache CouchDB has started, time to relax.
Apache CouchDB 1.6.1 (LogLevel=info) is starting.
Apache CouchDB has started. Time to relax.
[info] [<0.32.0>] Apache CouchDB has started on http://127.0.0.1:6003/
Apache CouchDB is not running.
Apache CouchDB has been shutdown.

Apache CouchDB has started, time to relax.
Apache CouchDB 1.6.1 (LogLevel=info) is starting.
Apache CouchDB has started. Time to relax.
[info] [<0.32.0>] Apache CouchDB has started on http://127.0.0.1:6003/
Apache CouchDB has been shutdown.

Apache CouchDB has started, time to relax.
Apache CouchDB 1.6.1 (LogLevel=info) is starting.
Apache CouchDB has started. Time to relax.
[info] [<0.32.0>] Apache CouchDB has started on http://127.0.0.1:6003/
Apache CouchDB is not running.
Apache CouchDB has been shutdown.

Apache CouchDB has started, time to relax.
Apache CouchDB is not running.
Apache CouchDB 1.6.1 (LogLevel=info) is starting.
Apache CouchDB has started. Time to relax.
[info] [<0.32.0>] Apache CouchDB has started on http://127.0.0.1:6003/
Apache CouchDB is running as process 8759, time to relax.
Apache CouchDB has been shutdown.

Apache CouchDB has started, time to relax.
Apache CouchDB is not running.
Apache CouchDB 1.6.1 (LogLevel=info) is starting.
Apache CouchDB has started. Time to relax.
[info] [<0.32.0>] Apache CouchDB has started on http://127.0.0.1:6003/
Apache CouchDB is running as process 9083, time to relax.
Apache CouchDB has been shutdown.

Apache CouchDB has started, time to relax.
Apache CouchDB is not running.
Apache CouchDB 1.6.1 (LogLevel=info) is starting.
Apache CouchDB has started. Time to relax.
[info] [<0.32.0>] Apache CouchDB has started on http://127.0.0.1:6003/
Apache CouchDB is running as process 9409, time to relax.
Apache CouchDB has been shutdown.

Apache CouchDB has started, time to relax.
Apache CouchDB is not running.
Apache CouchDB 1.6.1 (LogLevel=info) is starting.
Apache CouchDB has started. Time to relax.
[info] [<0.32.0>] Apache CouchDB has started on http://127.0.0.1:6003/
Apache CouchDB is running as process 10426, time to relax.
Apache CouchDB has been shutdown.

Apache CouchDB has started, time to relax.
Apache CouchDB is not running.
Apache CouchDB 1.6.1 (LogLevel=info) is starting.
Apache CouchDB has started. Time to relax.
[info] [<0.32.0>] Apache CouchDB has started on http://127.0.0.1:6003/
Apache CouchDB is running as process 10984, time to relax.
Apache CouchDB has been shutdown.

Apache CouchDB has started, time to relax.
Apache CouchDB is not running.
Apache CouchDB 1.6.1 (LogLevel=info) is starting.
Apache CouchDB has started. Time to relax.
[info] [<0.32.0>] Apache CouchDB has started on http://127.0.0.1:6003/
Apache CouchDB is running as process 11251, time to relax.
Apache CouchDB has been shutdown.

Apache CouchDB has started, time to relax.
Apache CouchDB is not running.
Apache CouchDB 1.6.1 (LogLevel=info) is starting.
Apache CouchDB has started. Time to relax.
[info] [<0.32.0>] Apache CouchDB has started on http://127.0.0.1:6003/
Apache CouchDB is running as process 11630, time to relax.
Apache CouchDB is not running.
Apache CouchDB has been shutdown.

Apache CouchDB has started, time to relax.
Apache CouchDB 1.6.1 (LogLevel=info) is starting.
Apache CouchDB has started. Time to relax.
[info] [<0.32.0>] Apache CouchDB has started on http://127.0.0.1:6003/
Apache CouchDB is not running.
Apache CouchDB has been shutdown.

Apache CouchDB has started, time to relax.
Apache CouchDB 1.6.1 (LogLevel=info) is starting.
Apache CouchDB has started. Time to relax.
[info] [<0.32.0>] Apache CouchDB has started on http://127.0.0.1:6003/
Apache CouchDB is not running.
Apache CouchDB has been shutdown.

Apache CouchDB has started, time to relax.
Apache CouchDB 1.6.1 (LogLevel=info) is starting.
Apache CouchDB has started. Time to relax.
[info] [<0.32.0>] Apache CouchDB has started on http://127.0.0.1:6003/
Apache CouchDB is not running.
Apache CouchDB has been shutdown.

Apache CouchDB has started, time to relax.
Apache CouchDB 1.6.1 (LogLevel=info) is starting.
Apache CouchDB has started. Time to relax.
[info] [<0.32.0>] Apache CouchDB has started on http://127.0.0.1:6003/
Apache CouchDB is not running.
Apache CouchDB has been shutdown.

Apache CouchDB has started, time to relax.
Apache CouchDB 1.6.1 (LogLevel=info) is starting.
Apache CouchDB has started. Time to relax.
[info] [<0.32.0>] Apache CouchDB has started on http://127.0.0.1:6003/
Apache CouchDB is not running.
Apache CouchDB has been shutdown.

Apache CouchDB has started, time to relax.
Apache CouchDB 1.6.1 (LogLevel=info) is starting.
Apache CouchDB has started. Time to relax.
[info] [<0.32.0>] Apache CouchDB has started on http://127.0.0.1:6003/
Apache CouchDB is not running.
Apache CouchDB has been shutdown.

Apache CouchDB has started, time to relax.
Apache CouchDB 1.6.1 (LogLevel=info) is starting.
Apache CouchDB has started. Time to relax.
[info] [<0.32.0>] Apache CouchDB has started on http://127.0.0.1:6003/
Apache CouchDB is not running.
Apache CouchDB has been shutdown.

Apache CouchDB has started, time to relax.
Apache CouchDB 1.6.1 (LogLevel=info) is starting.
Apache CouchDB has started. Time to relax.
[info] [<0.32.0>] Apache CouchDB has started on http://127.0.0.1:6003/
Apache CouchDB is not running.
Apache CouchDB has been shutdown.

Apache CouchDB has started, time to relax.
Apache CouchDB 1.6.1 (LogLevel=info) is starting.
Apache CouchDB has started. Time to relax.
[info] [<0.32.0>] Apache CouchDB has started on http://127.0.0.1:6003/
Apache CouchDB is not running.
Apache CouchDB has been shutdown.

Apache CouchDB has started, time to relax.
Apache CouchDB 1.6.1 (LogLevel=info) is starting.
Apache CouchDB has started. Time to relax.
[info] [<0.32.0>] Apache CouchDB has started on http://127.0.0.1:6003/
Apache CouchDB is not running.
Apache CouchDB has been shutdown.

Apache CouchDB has started, time to relax.
Apache CouchDB 1.6.1 (LogLevel=info) is starting.
Apache CouchDB has started. Time to relax.
[info] [<0.32.0>] Apache CouchDB has started on http://127.0.0.1:6003/
Apache CouchDB is not running.
Apache CouchDB has been shutdown.

Apache CouchDB has started, time to relax.
Apache CouchDB 1.6.1 (LogLevel=info) is starting.
Apache CouchDB has started. Time to relax.
[info] [<0.32.0>] Apache CouchDB has started on http://127.0.0.1:6003/
Apache CouchDB is not running.
Apache CouchDB has been shutdown.

Apache CouchDB has started, time to relax.
Apache CouchDB 1.6.1 (LogLevel=info) is starting.
Apache CouchDB has started. Time to relax.
[info] [<0.32.0>] Apache CouchDB has started on http://127.0.0.1:6003/
Apache CouchDB is not running.
Apache CouchDB has been shutdown.

Apache CouchDB has started, time to relax.
Apache CouchDB 1.6.1 (LogLevel=info) is starting.
Apache CouchDB has started. Time to relax.
[info] [<0.32.0>] Apache CouchDB has started on http://127.0.0.1:6003/
Apache CouchDB is not running.
Apache CouchDB has been shutdown.

Apache CouchDB has started, time to relax.
Apache CouchDB 1.6.1 (LogLevel=info) is starting.
Apache CouchDB has started. Time to relax.
[info] [<0.32.0>] Apache CouchDB has started on http://127.0.0.1:6003/
Apache CouchDB is not running.
Apache CouchDB has been shutdown.

Apache CouchDB has started, time to relax.
Apache CouchDB 1.6.1 (LogLevel=info) is starting.
Apache CouchDB has started. Time to relax.
[info] [<0.32.0>] Apache CouchDB has started on http://127.0.0.1:6003/
Apache CouchDB is not running.
Apache CouchDB has been shutdown.

Apache CouchDB has started, time to relax.
Apache CouchDB 1.6.1 (LogLevel=info) is starting.
Apache CouchDB has started. Time to relax.
[info] [<0.32.0>] Apache CouchDB has started on http://127.0.0.1:6003/
Apache CouchDB is not running.
Apache CouchDB has been shutdown.

Apache CouchDB has started, time to relax.
Apache CouchDB 1.6.1 (LogLevel=info) is starting.
Apache CouchDB has started. Time to relax.
[info] [<0.32.0>] Apache CouchDB has started on http://127.0.0.1:6003/
Apache CouchDB is not running.
Apache CouchDB has been shutdown.

Apache CouchDB has started, time to relax.
Apache CouchDB 1.6.1 (LogLevel=info) is starting.
Apache CouchDB has started. Time to relax.
[info] [<0.32.0>] Apache CouchDB has started on http://127.0.0.1:6003/
Apache CouchDB has been shutdown.

Apache CouchDB has started, time to relax.
Apache CouchDB 1.6.1 (LogLevel=info) is starting.
Apache CouchDB has started. Time to relax.
[info] [<0.32.0>] Apache CouchDB has started on http://127.0.0.1:6003/
Apache CouchDB has been shutdown.

Apache CouchDB has started, time to relax.
Apache CouchDB 1.6.1 (LogLevel=info) is starting.
Apache CouchDB has started. Time to relax.
[info] [<0.32.0>] Apache CouchDB has started on http://127.0.0.1:6003/
Apache CouchDB has been shutdown.

Apache CouchDB has started, time to relax.
Apache CouchDB 1.6.1 (LogLevel=info) is starting.
Apache CouchDB has started. Time to relax.
[info] [<0.32.0>] Apache CouchDB has started on http://127.0.0.1:6003/
Apache CouchDB is not running.
Apache CouchDB has been shutdown.

Apache CouchDB has started, time to relax.
Apache CouchDB 1.6.1 (LogLevel=info) is starting.
Apache CouchDB has started. Time to relax.
[info] [<0.32.0>] Apache CouchDB has started on http://127.0.0.1:6003/
Apache CouchDB is not running.
Apache CouchDB has been shutdown.

Apache CouchDB has started, time to relax.
Apache CouchDB 1.6.1 (LogLevel=info) is starting.
Apache CouchDB has started. Time to relax.
[info] [<0.32.0>] Apache CouchDB has started on http://127.0.0.1:6003/
Apache CouchDB has been shutdown.

Apache CouchDB has started, time to relax.
Apache CouchDB 1.6.1 (LogLevel=info) is starting.
Apache CouchDB has started. Time to relax.
[info] [<0.32.0>] Apache CouchDB has started on http://127.0.0.1:6003/
Apache CouchDB is not running.
Apache CouchDB has been shutdown.

Apache CouchDB has started, time to relax.
Apache CouchDB 1.6.1 (LogLevel=info) is starting.
Apache CouchDB has started. Time to relax.
[info] [<0.32.0>] Apache CouchDB has started on http://127.0.0.1:6003/
Apache CouchDB is not running.
Apache CouchDB has been shutdown.

Apache CouchDB has started, time to relax.
Apache CouchDB 1.6.1 (LogLevel=info) is starting.
Apache CouchDB has started. Time to relax.
[info] [<0.32.0>] Apache CouchDB has started on http://127.0.0.1:6003/
Apache CouchDB is not running.
Apache CouchDB has been shutdown.

Apache CouchDB has started, time to relax.
Apache CouchDB 1.6.1 (LogLevel=info) is starting.
Apache CouchDB has started. Time to relax.
[info] [<0.32.0>] Apache CouchDB has started on http://127.0.0.1:6003/
Apache CouchDB is not running.
Apache CouchDB has been shutdown.

Apache CouchDB has started, time to relax.
Apache CouchDB 1.6.1 (LogLevel=info) is starting.
Apache CouchDB has started. Time to relax.
[info] [<0.32.0>] Apache CouchDB has started on http://127.0.0.1:6003/
Apache CouchDB is not running.
Apache CouchDB has been shutdown.

Apache CouchDB has started, time to relax.
Apache CouchDB 1.6.1 (LogLevel=info) is starting.
Apache CouchDB has started. Time to relax.
[info] [<0.32.0>] Apache CouchDB has started on http://127.0.0.1:6003/
Apache CouchDB is not running.
Apache CouchDB has been shutdown.

Apache CouchDB has started, time to relax.
Apache CouchDB 1.6.1 (LogLevel=info) is starting.
Apache CouchDB has started. Time to relax.
[info] [<0.32.0>] Apache CouchDB has started on http://127.0.0.1:6003/
Apache CouchDB is not running.
Apache CouchDB has been shutdown.

Apache CouchDB has started, time to relax.
Apache CouchDB 1.6.1 (LogLevel=info) is starting.
Apache CouchDB has started. Time to relax.
[info] [<0.32.0>] Apache CouchDB has started on http://127.0.0.1:6003/
Apache CouchDB is not running.
Apache CouchDB has been shutdown.

Apache CouchDB has started, time to relax.
Apache CouchDB 1.6.1 (LogLevel=info) is starting.
Apache CouchDB has started. Time to relax.
[info] [<0.32.0>] Apache CouchDB has started on http://127.0.0.1:6003/
Apache CouchDB is not running.
Apache CouchDB has been shutdown.

Apache CouchDB has started, time to relax.
Apache CouchDB 1.6.1 (LogLevel=info) is starting.
Apache CouchDB has started. Time to relax.
[info] [<0.32.0>] Apache CouchDB has started on http://127.0.0.1:6003/
Apache CouchDB is not running.
Apache CouchDB has been shutdown.

Apache CouchDB has started, time to relax.
Apache CouchDB 1.6.1 (LogLevel=info) is starting.
Apache CouchDB has started. Time to relax.
[info] [<0.32.0>] Apache CouchDB has started on http://127.0.0.1:6003/
Apache CouchDB is not running.
Apache CouchDB has been shutdown.

Apache CouchDB has started, time to relax.
Apache CouchDB 1.6.1 (LogLevel=info) is starting.
Apache CouchDB has started. Time to relax.
[info] [<0.32.0>] Apache CouchDB has started on http://127.0.0.1:6003/
Apache CouchDB is not running.
Apache CouchDB has been shutdown.

Apache CouchDB has started, time to relax.
Apache CouchDB 1.6.1 (LogLevel=info) is starting.
Apache CouchDB has started. Time to relax.
[info] [<0.32.0>] Apache CouchDB has started on http://127.0.0.1:6003/
Apache CouchDB is not running.
Apache CouchDB has been shutdown.

Apache CouchDB has started, time to relax.
Apache CouchDB 1.6.1 (LogLevel=info) is starting.
Apache CouchDB has started. Time to relax.
[info] [<0.32.0>] Apache CouchDB has started on http://127.0.0.1:6003/
Apache CouchDB is not running.
Apache CouchDB has been shutdown.
